2025-10-30 20:41:14,414 [INFO] ============================================================
2025-10-30 20:41:14,414 [INFO] RAN1 Change Requests Extraction
2025-10-30 20:41:14,414 [INFO] ============================================================
2025-10-30 20:41:14,414 [INFO] Source: data_raw/change-requests/RAN1
2025-10-30 20:41:14,414 [INFO] Destination: data_extracted/change-requests/RAN1
2025-10-30 20:41:14,414 [INFO] Workers: 8
2025-10-30 20:41:14,414 [INFO] Target release: ALL
2025-10-30 20:41:14,414 [INFO] Resume mode: False
2025-10-30 20:41:14,414 [INFO] Dry run: False
2025-10-30 20:41:14,414 [INFO] 
2025-10-30 20:41:14,414 [INFO] Step 1: Scanning source directory...
2025-10-30 20:41:14,415 [INFO] Found 105 ZIP files:
2025-10-30 20:41:14,415 [INFO]   - Rel-15: 40 ZIPs
2025-10-30 20:41:14,415 [INFO]   - Rel-16: 23 ZIPs
2025-10-30 20:41:14,415 [INFO]   - Rel-17: 26 ZIPs
2025-10-30 20:41:14,415 [INFO]   - Rel-18: 14 ZIPs
2025-10-30 20:41:14,415 [INFO]   - Rel-19: 2 ZIPs
2025-10-30 20:41:14,415 [INFO] 
2025-10-30 20:41:14,415 [INFO] Step 2: Processing 105 ZIP files with 8 workers...
2025-10-30 20:41:14,819 [INFO] 
2025-10-30 20:41:14,819 [INFO] ============================================================
2025-10-30 20:41:14,819 [INFO] Extraction Complete!
2025-10-30 20:41:14,819 [INFO] ============================================================
2025-10-30 20:41:14,819 [INFO] ZIPs extracted: 105
2025-10-30 20:41:14,819 [INFO] Skipped: 0
2025-10-30 20:41:14,819 [INFO] Errors: 0
2025-10-30 20:41:14,819 [INFO] Duration: 0.4 seconds
