2025-11-05 14:04:18,017 [INFO] ============================================================
2025-11-05 14:04:18,017 [INFO] RAN1 Specifications Extraction
2025-11-05 14:04:18,017 [INFO] ============================================================
2025-11-05 14:04:18,017 [INFO] Source: data/data_raw/specs/RAN1
2025-11-05 14:04:18,017 [INFO] Destination: data/data_extracted/specs/RAN1
2025-11-05 14:04:18,017 [INFO] Dry run: False
2025-11-05 14:04:18,017 [INFO] 
2025-11-05 14:04:18,017 [INFO] Found 8 specification ZIP files:
2025-11-05 14:04:18,017 [INFO]   - 38.201/38201-j00.zip (0.11 MB)
2025-11-05 14:04:18,017 [INFO]   - 38.202/38202-j00.zip (0.98 MB)
2025-11-05 14:04:18,017 [INFO]   - 38.211/38211-j10.zip (1.20 MB)
2025-11-05 14:04:18,017 [INFO]   - 38.212/38212-j10.zip (2.03 MB)
2025-11-05 14:04:18,017 [INFO]   - 38.213/38213-j10.zip (1.28 MB)
2025-11-05 14:04:18,017 [INFO]   - 38.214/38214-j10.zip (2.99 MB)
2025-11-05 14:04:18,017 [INFO]   - 38.215/38215-j10.zip (0.17 MB)
2025-11-05 14:04:18,017 [INFO]   - 38.291/38291-j10.zip (0.17 MB)
2025-11-05 14:04:18,017 [INFO] 
2025-11-05 14:04:18,017 [INFO] Extracting specifications...
2025-11-05 14:04:18,017 [INFO] 
2025-11-05 14:04:18,017 [INFO] [1/8] 38.201
2025-11-05 14:04:18,017 [INFO]   Extracting 38201-j00.zip...
2025-11-05 14:04:18,019 [INFO]     ✓ 38201-j00.doc (0.26 MB)
2025-11-05 14:04:18,019 [INFO] 
2025-11-05 14:04:18,019 [INFO] [2/8] 38.202
2025-11-05 14:04:18,019 [INFO]   Extracting 38202-j00.zip...
2025-11-05 14:04:18,022 [INFO]     ✓ 38202-j00.docx (1.02 MB)
2025-11-05 14:04:18,022 [INFO] 
2025-11-05 14:04:18,022 [INFO] [3/8] 38.211
2025-11-05 14:04:18,022 [INFO]   Extracting 38211-j10.zip...
2025-11-05 14:04:18,036 [INFO]     ✓ 38211-j10.docx (1.60 MB)
2025-11-05 14:04:18,036 [INFO] 
2025-11-05 14:04:18,036 [INFO] [4/8] 38.212
2025-11-05 14:04:18,036 [INFO]   Extracting 38212-j10.zip...
2025-11-05 14:04:18,049 [INFO]     ✓ 38212-j10.docx (3.10 MB)
2025-11-05 14:04:18,049 [INFO] 
2025-11-05 14:04:18,049 [INFO] [5/8] 38.213
2025-11-05 14:04:18,049 [INFO]   Extracting 38213-j10.zip...
2025-11-05 14:04:18,055 [INFO]     ✓ 38213-j10.docx (1.33 MB)
2025-11-05 14:04:18,055 [INFO] 
2025-11-05 14:04:18,055 [INFO] [6/8] 38.214
2025-11-05 14:04:18,055 [INFO]   Extracting 38214-j10.zip...
2025-11-05 14:04:18,070 [INFO]     ✓ 38214-j10.docx (3.60 MB)
2025-11-05 14:04:18,070 [INFO] 
2025-11-05 14:04:18,070 [INFO] [7/8] 38.215
2025-11-05 14:04:18,070 [INFO]   Extracting 38215-j10.zip...
2025-11-05 14:04:18,072 [INFO]     ✓ 38215-j10.docx (0.17 MB)
2025-11-05 14:04:18,072 [INFO] 
2025-11-05 14:04:18,072 [INFO] [8/8] 38.291
2025-11-05 14:04:18,072 [INFO]   Extracting 38291-j10.zip...
2025-11-05 14:04:18,073 [INFO]     ✓ 38291-j10.docx (0.18 MB)
2025-11-05 14:04:18,073 [INFO] 
2025-11-05 14:04:18,073 [INFO] ============================================================
2025-11-05 14:04:18,073 [INFO] Extraction Complete!
2025-11-05 14:04:18,073 [INFO] ============================================================
2025-11-05 14:04:18,073 [INFO] Specs extracted: 8/8
2025-11-05 14:04:18,073 [INFO] Errors: 0
2025-11-05 14:04:18,073 [INFO] Duration: 0.1 seconds
